<?xml version="1.0"?>
<!DOCTYPE coverage SYSTEM "http://cobertura.sourceforge.net/xml/coverage-04.dtd">

<coverage line-rate="0.7854251012145749" branch-rate="0.2519346517626827" lines-covered="2328" lines-valid="2964" branches-covered="586" branches-valid="2326" complexity="1.5236447520184544" version="2.1.1" timestamp="1446599645428">
	<sources>
		<source>/home/r/repo/src/main/java</source>
		<source>--source</source>
		<source>/home/r/repo/target/generated-sources/annotations</source>
	</sources>
	<packages>
		<package name="org.takes" line-rate="0.7692307692307693" branch-rate="1.0" complexity="1.0">
			<classes>
				<class name="org.takes.HttpException" filename="org/takes/HttpException.java" line-rate="0.7692307692307693" branch-rate="1.0" complexity="1.0">
					<methods>
						<method name="&lt;init&gt;" signature="(I)V" line-rate="1.0" branch-rate="1.0" complexity="0">
							<lines>
								<line number="52" hits="10" branch="false"/>
								<line number="53" hits="10" branch="false"/>
								<line number="54" hits="10" branch="false"/>
							</lines>
						</method>
						<method name="&lt;init&gt;" signature="(ILjava/lang/String;)V" line-rate="1.0" branch-rate="1.0" complexity="0">
							<lines>
								<line number="63" hits="19" branch="false"/>
								<line number="64" hits="19" branch="false"/>
								<line number="65" hits="19" branch="false"/>
							</lines>
						</method>
						<method name="&lt;init&gt;" signature="(ILjava/lang/String;Ljava/lang/Throwable;)V" line-rate="1.0" branch-rate="1.0" complexity="0">
							<lines>
								<line number="85" hits="1" branch="false"/>
								<line number="86" hits="1" branch="false"/>
								<line number="87" hits="1" branch="false"/>
							</lines>
						</method>
						<method name="&lt;init&gt;" signature="(ILjava/lang/Throwable;)V" line-rate="0.0" branch-rate="1.0" complexity="0">
							<lines>
								<line number="73" hits="0" branch="false"/>
								<line number="74" hits="0" branch="false"/>
								<line number="75" hits="0" branch="false"/>
							</lines>
						</method>
						<method name="code" signature="()I" line-rate="1.0" branch-rate="1.0" complexity="0">
							<lines>
								<line number="94" hits="2" branch="false"/>
							</lines>
						</method>
					</methods>
					<lines>
						<line number="52" hits="10" branch="false"/>
						<line number="53" hits="10" branch="false"/>
						<line number="54" hits="10" branch="false"/>
						<line number="63" hits="19" branch="false"/>
						<line number="64" hits="19" branch="false"/>
						<line number="65" hits="19" branch="false"/>
						<line number="73" hits="0" branch="false"/>
						<line number="74" hits="0" branch="false"/>
						<line number="75" hits="0" branch="false"/>
						<line number="85" hits="1" branch="false"/>
						<line number="86" hits="1" branch="false"/>
						<line number="87" hits="1" branch="false"/>
						<line number="94" hits="2" branch="false"/>
					</lines>
				</class>
				<class name="org.takes.Request" filename="org/takes/Request.java" line-rate="1.0" branch-rate="1.0" complexity="1.0">
					<methods>
					</methods>
					<lines>
					</lines>
				</class>
				<class name="org.takes.Response" filename="org/takes/Response.java" line-rate="1.0" branch-rate="1.0" complexity="1.0">
					<methods>
					</methods>
					<lines>
					</lines>
				</class>
				<class name="org.takes.Take" filename="org/takes/Take.java" line-rate="1.0" branch-rate="1.0" complexity="1.0">
					<methods>
					</methods>
					<lines>
					</lines>
				</class>
			</classes>
		</package>
		<package name="org.takes.facets.auth" line-rate="0.807843137254902" branch-rate="0.28515625" complexity="1.5512820512820513">
			<classes>
				<class name="org.takes.facets.auth.Identity" filename="org/takes/facets/auth/Identity.java" line-rate="1.0" branch-rate="1.0" complexity="1.2222222222222223">
					<methods>
					</methods>
					<lines>
					</lines>
				</class>
				<class name="org.takes.facets.auth.Identity$1" filename="org/takes/facets/auth/Identity.java" line-rate="0.25" branch-rate="1.0" complexity="1.2222222222222223">
					<methods>
						<method name="&lt;init&gt;" signature="()V" line-rate="1.0" branch-rate="1.0" complexity="0">
							<lines>
								<line number="43" hits="1" branch="false"/>
							</lines>
						</method>
						<method name="properties" signature="()Ljava/util/Map;" line-rate="0.0" branch-rate="1.0" complexity="0">
							<lines>
								<line number="54" hits="0" branch="false"/>
							</lines>
						</method>
						<method name="toString" signature="()Ljava/lang/String;" line-rate="0.0" branch-rate="1.0" complexity="0">
							<lines>
								<line number="46" hits="0" branch="false"/>
							</lines>
						</method>
						<method name="urn" signature="()Ljava/lang/String;" line-rate="0.0" branch-rate="1.0" complexity="0">
							<lines>
								<line number="50" hits="0" branch="false"/>
							</lines>
						</method>
					</methods>
					<lines>
						<line number="43" hits="1" branch="false"/>
						<line number="46" hits="0" branch="false"/>
						<line number="50" hits="0" branch="false"/>
						<line number="54" hits="0" branch="false"/>
					</lines>
				</class>
				<class name="org.takes.facets.auth.Identity$Simple" filename="org/takes/facets/auth/Identity.java" line-rate="1.0" branch-rate="1.0" complexity="1.2222222222222223">
					<methods>
						<method name="&lt;init&gt;" signature="(Ljava/lang/String;)V" line-rate="1.0" branch-rate="1.0" complexity="0">
							<lines>
								<line number="87" hits="31" branch="false"/>
								<line number="88" hits="31" branch="false"/>
							</lines>
						</method>
						<method name="&lt;init&gt;" signature="(Ljava/lang/String;Ljava/util/Map;)V" line-rate="1.0" branch-rate="1.0" complexity="0">
							<lines>
								<line number="94" hits="48" branch="false"/>
								<line number="95" hits="48" branch="false"/>
								<line number="96" hits="48" branch="false"/>
								<line number="97" hits="48" branch="false"/>
							</lines>
						</method>
						<method name="properties" signature="()Ljava/util/Map;" line-rate="1.0" branch-rate="1.0" complexity="0">
							<lines>
								<line number="104" hits="21" branch="false"/>
							</lines>
						</method>
						<method name="urn" signature="()Ljava/lang/String;" line-rate="1.0" branch-rate="1.0" complexity="0">
							<lines>
								<line number="100" hits="40" branch="false"/>
							</lines>
						</method>
					</methods>
					<lines>
						<line number="87" hits="31" branch="false"/>
						<line number="88" hits="31" branch="false"/>
						<line number="94" hits="48" branch="false"/>
						<line number="95" hits="48" branch="false"/>
						<line number="96" hits="48" branch="false"/>
						<line number="97" hits="48" branch="false"/>
						<line number="100" hits="40" branch="false"/>
						<line number="104" hits="21" branch="false"/>
					</lines>
				</class>
				<class name="org.takes.facets.auth.Pass" filename="org/takes/facets/auth/Pass.java" line-rate="1.0" branch-rate="1.0" complexity="1.0">
					<methods>
					</methods>
					<lines>
					</lines>
				</class>
				<class name="org.takes.facets.auth.PsAll" filename="org/takes/facets/auth/PsAll.java" line-rate="0.9090909090909091" branch-rate="0.8333333333333334" complexity="3.25">
					<methods>
						<method name="&lt;init&gt;" signature="(Ljava/util/List;I)V" line-rate="0.875" branch-rate="0.75" complexity="0">
							<lines>
								<line number="57" hits="7" branch="false"/>
								<line number="58" hits="7" branch="false"/>
								<line number="59" hits="7" branch="false"/>
								<line number="60" hits="7" branch="true" condition-coverage="50% (1/2)">
									<conditions>
										<condition number="0" type="jump" coverage="50%"/>
									</conditions>
								</line>
								<line number="61" hits="0" branch="false"/>
								<line number="63" hits="7" branch="true" condition-coverage="100% (2/2)">
									<conditions>
										<condition number="0" type="jump" coverage="100%"/>
									</conditions>
								</line>
								<line number="64" hits="2" branch="false"/>
								<line number="72" hits="5" branch="false"/>
							</lines>
						</method>
						<method name="allMatch" signature="(Lorg/takes/Request;)Z" line-rate="1.0" branch-rate="1.0" complexity="0">
							<lines>
								<line number="103" hits="4" branch="false"/>
								<line number="104" hits="4" branch="true" condition-coverage="100% (2/2)">
									<conditions>
										<condition number="0" type="jump" coverage="100%"/>
									</conditions>
								</line>
								<line number="105" hits="9" branch="true" condition-coverage="100% (2/2)">
									<conditions>
										<condition number="0" type="jump" coverage="100%"/>
									</conditions>
								</line>
								<line number="106" hits="2" branch="false"/>
								<line number="107" hits="2" branch="false"/>
								<line number="109" hits="7" branch="false"/>
								<line number="110" hits="4" branch="false"/>
							</lines>
						</method>
						<method name="enter" signature="(Lorg/takes/Request;)Lorg/takes/misc/Opt;" line-rate="1.0" branch-rate="1.0" complexity="0">
							<lines>
								<line number="77" hits="4" branch="true" condition-coverage="100% (2/2)">
									<conditions>
										<condition number="0" type="jump" coverage="100%"/>
									</conditions>
								</line>
								<line number="78" hits="2" branch="false"/>
								<line number="80" hits="2" branch="false"/>
								<line number="82" hits="4" branch="false"/>
							</lines>
						</method>
						<method name="exit" signature="(Lorg/takes/Response;Lorg/takes/facets/auth/Identity;)Lorg/takes/Response;" line-rate="0.6666666666666666" branch-rate="0.5" complexity="0">
							<lines>
								<line number="88" hits="1" branch="true" condition-coverage="50% (1/2)">
									<conditions>
										<condition number="0" type="jump" coverage="50%"/>
									</conditions>
								</line>
								<line number="89" hits="0" branch="false"/>
								<line number="93" hits="1" branch="false"/>
							</lines>
						</method>
					</methods>
					<lines>
						<line number="57" hits="7" branch="false"/>
						<line number="58" hits="7" branch="false"/>
						<line number="59" hits="7" branch="false"/>
						<line number="60" hits="7" branch="true" condition-coverage="50% (1/2)">
							<conditions>
								<condition number="0" type="jump" coverage="50%"/>
							</conditions>
						</line>
						<line number="61" hits="0" branch="false"/>
						<line number="63" hits="7" branch="true" condition-coverage="100% (2/2)">
							<conditions>
								<condition number="0" type="jump" coverage="100%"/>
							</conditions>
						</line>
						<line number="64" hits="2" branch="false"/>
						<line number="72" hits="5" branch="false"/>
						<line number="77" hits="4" branch="true" condition-coverage="100% (2/2)">
							<conditions>
								<condition number="0" type="jump" coverage="100%"/>
							</conditions>
						</line>
						<line number="78" hits="2" branch="false"/>
						<line number="80" hits="2" branch="false"/>
						<line number="82" hits="4" branch="false"/>
						<line number="88" hits="1" branch="true" condition-coverage="50% (1/2)">
							<conditions>
								<condition number="0" type="jump" coverage="50%"/>
							</conditions>
						</line>
						<line number="89" hits="0" branch="false"/>
						<line number="93" hits="1" branch="false"/>
						<line number="103" hits="4" branch="false"/>
						<line number="104" hits="4" branch="true" condition-coverage="100% (2/2)">
							<conditions>
								<condition number="0" type="jump" coverage="100%"/>
							</conditions>
						</line>
						<line number="105" hits="9" branch="true" condition-coverage="100% (2/2)">
							<conditions>
								<condition number="0" type="jump" coverage="100%"/>
							</conditions>
						</line>
						<line number="106" hits="2" branch="false"/>
						<line number="107" hits="2" branch="false"/>
						<line number="109" hits="7" branch="false"/>
						<line number="110" hits="4" branch="false"/>
					</lines>
				</class>
				<class name="org.takes.facets.auth.PsBasic" filename="org/takes/facets/auth/PsBasic.java" line-rate="0.8333333333333334" branch-rate="0.09090909090909091" complexity="2.1538461538461537">
					<methods>
						<method name="&lt;init&gt;" signature="(Ljava/lang/String;Lorg/takes/facets/auth/PsBasic$Entry;)V" line-rate="1.0" branch-rate="1.0" complexity="0">
							<lines>
								<line number="77" hits="4" branch="false"/>
								<line number="78" hits="4" branch="false"/>
								<line number="79" hits="4" branch="false"/>
								<line number="80" hits="4" branch="false"/>
							</lines>
						</method>
						<method name="enter" signature="(Lorg/takes/Request;)Lorg/takes/misc/Opt;" line-rate="1.0" branch-rate="1.0" complexity="0">
							<lines>
								<line number="84" hits="4" branch="false"/>
								<line number="91" hits="3" branch="false"/>
								<line number="92" hits="3" branch="false"/>
								<line number="96" hits="3" branch="true" condition-coverage="100% (2/2)">
									<conditions>
										<condition number="0" type="jump" coverage="100%"/>
									</conditions>
								</line>
								<line number="97" hits="1" branch="false"/>
								<line number="109" hits="2" branch="false"/>
							</lines>
						</method>
						<method name="equals" signature="(Ljava/lang/Object;)Z" line-rate="1.0" branch-rate="1.0" complexity="0">
							<lines>
							</lines>
						</method>
						<method name="exit" signature="(Lorg/takes/Response;Lorg/takes/facets/auth/Identity;)Lorg/takes/Response;" line-rate="0.0" branch-rate="1.0" complexity="0">
							<lines>
								<line number="115" hits="0" branch="false"/>
							</lines>
						</method>
						<method name="hashCode" signature="()I" line-rate="0.0" branch-rate="0.0" complexity="0">
							<lines>
								<line number="54" hits="0" branch="true" condition-coverage="0% (0/20)">
									<conditions>
										<condition number="0" type="jump" coverage="0%"/>
										<condition number="1" type="jump" coverage="0%"/>
										<condition number="2" type="jump" coverage="0%"/>
										<condition number="3" type="jump" coverage="0%"/>
										<condition number="4" type="jump" coverage="0%"/>
										<condition number="5" type="jump" coverage="0%"/>
										<condition number="6" type="jump" coverage="0%"/>
										<condition number="7" type="jump" coverage="0%"/>
										<condition number="8" type="jump" coverage="0%"/>
										<condition number="9" type="jump" coverage="0%"/>
									</conditions>
								</line>
							</lines>
						</method>
					</methods>
					<lines>
						<line number="54" hits="0" branch="true" condition-coverage="0% (0/20)">
							<conditions>
								<condition number="0" type="jump" coverage="0%"/>
								<condition number="1" type="jump" coverage="0%"/>
								<condition number="2" type="jump" coverage="0%"/>
								<condition number="3" type="jump" coverage="0%"/>
								<condition number="4" type="jump" coverage="0%"/>
								<condition number="5" type="jump" coverage="0%"/>
								<condition number="6" type="jump" coverage="0%"/>
								<condition number="7" type="jump" coverage="0%"/>
								<condition number="8" type="jump" coverage="0%"/>
								<condition number="9" type="jump" coverage="0%"/>
							</conditions>
						</line>
						<line number="77" hits="4" branch="false"/>
						<line number="78" hits="4" branch="false"/>
						<line number="79" hits="4" branch="false"/>
						<line number="80" hits="4" branch="false"/>
						<line number="84" hits="4" branch="false"/>
						<line number="91" hits="3" branch="false"/>
						<line number="92" hits="3" branch="false"/>
						<line number="96" hits="3" branch="true" condition-coverage="100% (2/2)">
							<conditions>
								<condition number="0" type="jump" coverage="100%"/>
							</conditions>
						</line>
						<line number="97" hits="1" branch="false"/>
						<line number="109" hits="2" branch="false"/>
						<line number="115" hits="0" branch="false"/>
					</lines>
				</class>
				<class name="org.takes.facets.auth.PsBasic$Default" filename="org/takes/facets/auth/PsBasic.java" line-rate="0.8529411764705882" branch-rate="0.7777777777777778" complexity="2.1538461538461537">
					<methods>
						<method name="&lt;init&gt;" signature="([Ljava/lang/String;)V" line-rate="1.0" branch-rate="1.0" complexity="0">
							<lines>
								<line number="226" hits="7" branch="false"/>
								<line number="227" hits="7" branch="false"/>
								<line number="228" hits="17" branch="true" condition-coverage="100% (2/2)">
									<conditions>
										<condition number="0" type="jump" coverage="100%"/>
									</conditions>
								</line>
								<line number="229" hits="10" branch="false"/>
								<line number="230" hits="10" branch="false"/>
								<line number="231" hits="10" branch="false"/>
								<line number="236" hits="7" branch="false"/>
							</lines>
						</method>
						<method name="countSpaces" signature="(Ljava/lang/String;)I" line-rate="1.0" branch-rate="1.0" complexity="0">
							<lines>
								<line number="337" hits="10" branch="false"/>
								<line number="338" hits="290" branch="true" condition-coverage="100% (2/2)">
									<conditions>
										<condition number="0" type="jump" coverage="100%"/>
									</conditions>
								</line>
								<line number="339" hits="280" branch="true" condition-coverage="100% (2/2)">
									<conditions>
										<condition number="0" type="jump" coverage="100%"/>
									</conditions>
								</line>
								<line number="340" hits="20" branch="false"/>
								<line number="343" hits="10" branch="false"/>
							</lines>
						</method>
						<method name="enter" signature="(Ljava/lang/String;Ljava/lang/String;)Lorg/takes/misc/Opt;" line-rate="0.75" branch-rate="1.0" complexity="0">
							<lines>
								<line number="240" hits="7" branch="false"/>
								<line number="242" hits="7" branch="true" condition-coverage="100% (2/2)">
									<conditions>
										<condition number="0" type="jump" coverage="100%"/>
									</conditions>
								</line>
								<line number="244" hits="5" branch="false"/>
								<line number="249" hits="0" branch="false"/>
								<line number="250" hits="0" branch="false"/>
								<line number="251" hits="5" branch="false"/>
								<line number="253" hits="2" branch="false"/>
								<line number="255" hits="7" branch="false"/>
							</lines>
						</method>
						<method name="key" signature="(Ljava/lang/String;)Ljava/lang/String;" line-rate="1.0" branch-rate="1.0" complexity="0">
							<lines>
								<line number="302" hits="10" branch="false"/>
							</lines>
						</method>
						<method name="urn" signature="(Ljava/lang/String;Ljava/lang/String;)Lorg/takes/misc/Opt;" line-rate="0.75" branch-rate="1.0" complexity="0">
							<lines>
								<line number="268" hits="7" branch="false"/>
								<line number="281" hits="0" branch="false"/>
								<line number="282" hits="0" branch="false"/>
								<line number="283" hits="7" branch="false"/>
								<line number="285" hits="7" branch="true" condition-coverage="100% (2/2)">
									<conditions>
										<condition number="0" type="jump" coverage="100%"/>
									</conditions>
								</line>
								<line number="286" hits="2" branch="false"/>
								<line number="288" hits="5" branch="false"/>
								<line number="290" hits="7" branch="false"/>
							</lines>
						</method>
						<method name="validateUser" signature="(Ljava/lang/String;)V" line-rate="0.8" branch-rate="0.5" complexity="0">
							<lines>
								<line number="318" hits="10" branch="true" condition-coverage="50% (1/2)">
									<conditions>
										<condition number="0" type="jump" coverage="50%"/>
									</conditions>
								</line>
								<line number="319" hits="10" branch="true" condition-coverage="50% (1/2)">
									<conditions>
										<condition number="0" type="jump" coverage="50%"/>
									</conditions>
								</line>
								<line number="321" hits="10" branch="true" condition-coverage="50% (2/4)">
									<conditions>
										<condition number="0" type="jump" coverage="50%"/>
										<condition number="1" type="jump" coverage="50%"/>
									</conditions>
								</line>
								<line number="322" hits="0" branch="false"/>
								<line number="329" hits="10" branch="false"/>
							</lines>
						</method>
					</methods>
					<lines>
						<line number="226" hits="7" branch="false"/>
						<line number="227" hits="7" branch="false"/>
						<line number="228" hits="17" branch="true" condition-coverage="100% (2/2)">
							<conditions>
								<condition number="0" type="jump" coverage="100%"/>
							</conditions>
						</line>
						<line number="229" hits="10" branch="false"/>
						<line number="230" hits="10" branch="false"/>
						<line number="231" hits="10" branch="false"/>
						<line number="236" hits="7" branch="false"/>
						<line number="240" hits="7" branch="false"/>
						<line number="242" hits="7" branch="true" condition-coverage="100% (2/2)">
							<conditions>
								<condition number="0" type="jump" coverage="100%"/>
							</conditions>
						</line>
						<line number="244" hits="5" branch="false"/>
						<line number="249" hits="0" branch="false"/>
						<line number="250" hits="0" branch="false"/>
						<line number="251" hits="5" branch="false"/>
						<line number="253" hits="2" branch="false"/>
						<line number="255" hits="7" branch="false"/>
						<line number="268" hits="7" branch="false"/>
						<line number="281" hits="0" branch="false"/>
						<line number="282" hits="0" branch="false"/>
						<line number="283" hits="7" branch="false"/>
						<line number="285" hits="7" branch="true" condition-coverage="100% (2/2)">
							<conditions>
								<condition number="0" type="jump" coverage="100%"/>
							</conditions>
						</line>
						<line number="286" hits="2" branch="false"/>
						<line number="288" hits="5" branch="false"/>
						<line number="290" hits="7" branch="false"/>
						<line number="302" hits="10" branch="false"/>
						<line number="318" hits="10" branch="true" condition-coverage="50% (1/2)">
							<conditions>
								<condition number="0" type="jump" coverage="50%"/>
							</conditions>
						</line>
						<line number="319" hits="10" branch="true" condition-coverage="50% (1/2)">
							<conditions>
								<condition number="0" type="jump" coverage="50%"/>
							</conditions>
						</line>
						<line number="321" hits="10" branch="true" condition-coverage="50% (2/4)">
							<conditions>
								<condition number="0" type="jump" coverage="50%"/>
								<condition number="1" type="jump" coverage="50%"/>
							</conditions>
						</line>
						<line number="322" hits="0" branch="false"/>
						<line number="329" hits="10" branch="false"/>
						<line number="337" hits="10" branch="false"/>
						<line number="338" hits="290" branch="true" condition-coverage="100% (2/2)">
							<conditions>
								<condition number="0" type="jump" coverage="100%"/>
							</conditions>
						</line>
						<line number="339" hits="280" branch="true" condition-coverage="100% (2/2)">
							<conditions>
								<condition number="0" type="jump" coverage="100%"/>
							</conditions>
						</line>
						<line number="340" hits="20" branch="false"/>
						<line number="343" hits="10" branch="false"/>
					</lines>
				</class>
				<class name="org.takes.facets.auth.PsBasic$Empty" filename="org/takes/facets/auth/PsBasic.java" line-rate="1.0" branch-rate="1.0" complexity="2.1538461538461537">
					<methods>
						<method name="&lt;init&gt;" signature="()V" line-rate="1.0" branch-rate="1.0" complexity="0">
							<lines>
								<line number="185" hits="1" branch="false"/>
							</lines>
						</method>
						<method name="enter" signature="(Ljava/lang/String;Ljava/lang/String;)Lorg/takes/misc/Opt;" line-rate="1.0" branch-rate="1.0" complexity="0">
							<lines>
								<line number="189" hits="1" branch="false"/>
							</lines>
						</method>
					</methods>
					<lines>
						<line number="185" hits="1" branch="false"/>
						<line number="189" hits="1" branch="false"/>
					</lines>
				</class>
				<class name="org.takes.facets.auth.PsBasic$Entry" filename="org/takes/facets/auth/PsBasic.java" line-rate="1.0" branch-rate="1.0" complexity="2.1538461538461537">
					<methods>
					</methods>
					<lines>
					</lines>
				</class>
				<class name="org.takes.facets.auth.PsBasic$Fake" filename="org/takes/facets/auth/PsBasic.java" line-rate="0.8571428571428571" branch-rate="0.5" complexity="2.1538461538461537">
					<methods>
						<method name="&lt;init&gt;" signature="(Z)V" line-rate="1.0" branch-rate="1.0" complexity="0">
							<lines>
								<line number="158" hits="3" branch="false"/>
								<line number="159" hits="3" branch="false"/>
								<line number="160" hits="3" branch="false"/>
							</lines>
						</method>
						<method name="enter" signature="(Ljava/lang/String;Ljava/lang/String;)Lorg/takes/misc/Opt;" line-rate="0.75" branch-rate="0.5" complexity="0">
							<lines>
								<line number="165" hits="2" branch="true" condition-coverage="50% (1/2)">
									<conditions>
										<condition number="0" type="jump" coverage="50%"/>
									</conditions>
								</line>
								<line number="166" hits="2" branch="false"/>
								<line number="172" hits="0" branch="false"/>
								<line number="174" hits="2" branch="false"/>
							</lines>
						</method>
					</methods>
					<lines>
						<line number="158" hits="3" branch="false"/>
						<line number="159" hits="3" branch="false"/>
						<line number="160" hits="3" branch="false"/>
						<line number="165" hits="2" branch="true" condition-coverage="50% (1/2)">
							<conditions>
								<condition number="0" type="jump" coverage="50%"/>
							</conditions>
						</line>
						<line number="166" hits="2" branch="false"/>
						<line number="172" hits="0" branch="false"/>
						<line number="174" hits="2" branch="false"/>
					</lines>
				</class>
				<class name="org.takes.facets.auth.PsByFlag" filename="org/takes/facets/auth/PsByFlag.java" line-rate="1.0" branch-rate="0.9642857142857143" complexity="1.4444444444444444">
					<methods>
						<method name="&lt;init&gt;" signature="(Ljava/lang/String;Ljava/util/Map;)V" line-rate="1.0" branch-rate="1.0" complexity="0">
							<lines>
								<line number="94" hits="3" branch="false"/>
								<line number="95" hits="3" branch="false"/>
								<line number="96" hits="3" branch="false"/>
								<line number="97" hits="3" branch="false"/>
							</lines>
						</method>
						<method name="&lt;init&gt;" signature="(Ljava/lang/String;[Lorg/takes/facets/auth/PsByFlag$Pair;)V" line-rate="1.0" branch-rate="1.0" complexity="0">
							<lines>
								<line number="86" hits="2" branch="false"/>
								<line number="87" hits="2" branch="false"/>
							</lines>
						</method>
						<method name="&lt;init&gt;" signature="(Ljava/util/Map;)V" line-rate="1.0" branch-rate="1.0" complexity="0">
							<lines>
								<line number="76" hits="1" branch="false"/>
								<line number="77" hits="1" branch="false"/>
							</lines>
						</method>
						<method name="&lt;init&gt;" signature="([Lorg/takes/facets/auth/PsByFlag$Pair;)V" line-rate="1.0" branch-rate="1.0" complexity="0">
							<lines>
								<line number="68" hits="2" branch="false"/>
								<line number="69" hits="2" branch="false"/>
							</lines>
						</method>
						<method name="asMap" signature="([Ljava/util/Map$Entry;)Ljava/util/Map;" line-rate="1.0" branch-rate="1.0" complexity="0">
							<lines>
								<line number="129" hits="2" branch="false"/>
								<line number="131" hits="4" branch="true" condition-coverage="100% (2/2)">
									<conditions>
										<condition number="0" type="jump" coverage="100%"/>
									</conditions>
								</line>
								<line number="132" hits="2" branch="false"/>
								<line number="134" hits="2" branch="false"/>
							</lines>
						</method>
						<method name="enter" signature="(Lorg/takes/Request;)Lorg/takes/misc/Opt;" line-rate="1.0" branch-rate="0.8333333333333334" complexity="0">
							<lines>
								<line number="101" hits="2" branch="false"/>
								<line number="103" hits="2" branch="false"/>
								<line number="104" hits="2" branch="true" condition-coverage="50% (1/2)">
									<conditions>
										<condition number="0" type="jump" coverage="50%"/>
									</conditions>
								</line>
								<line number="105" hits="2" branch="false"/>
								<line number="106" hits="2" branch="true" condition-coverage="100% (2/2)">
									<conditions>
										<condition number="0" type="jump" coverage="100%"/>
									</conditions>
								</line>
								<line number="107" hits="2" branch="true" condition-coverage="100% (2/2)">
									<conditions>
										<condition number="0" type="jump" coverage="100%"/>
									</conditions>
								</line>
								<line number="108" hits="1" branch="false"/>
								<line number="109" hits="1" branch="false"/>
								<line number="111" hits="1" branch="false"/>
								<line number="113" hits="2" branch="false"/>
							</lines>
						</method>
						<method name="equals" signature="(Ljava/lang/Object;)Z" line-rate="1.0" branch-rate="1.0" complexity="0">
							<lines>
							</lines>
						</method>
						<method name="exit" signature="(Lorg/takes/Response;Lorg/takes/facets/auth/Identity;)Lorg/takes/Response;" line-rate="1.0" branch-rate="1.0" complexity="0">
							<lines>
								<line number="119" hits="1" branch="false"/>
							</lines>
						</method>
						<method name="hashCode" signature="()I" line-rate="1.0" branch-rate="1.0" complexity="0">
							<lines>
								<line number="49" hits="87" branch="true" condition-coverage="100% (20/20)">
									<conditions>
										<condition number="0" type="jump" coverage="100%"/>
										<condition number="1" type="jump" coverage="100%"/>
										<condition number="2" type="jump" coverage="100%"/>
										<condition number="3" type="jump" coverage="100%"/>
										<condition number="4" type="jump" coverage="100%"/>
										<condition number="5" type="jump" coverage="100%"/>
										<condition number="6" type="jump" coverage="100%"/>
										<condition number="7" type="jump" coverage="100%"/>
										<condition number="8" type="jump" coverage="100%"/>
										<condition number="9" type="jump" coverage="100%"/>
									</conditions>
								</line>
							</lines>
						</method>
					</methods>
					<lines>
						<line number="49" hits="87" branch="true" condition-coverage="100% (20/20)">
							<conditions>
								<condition number="0" type="jump" coverage="100%"/>
								<condition number="1" type="jump" coverage="100%"/>
								<condition number="2" type="jump" coverage="100%"/>
								<condition number="3" type="jump" coverage="100%"/>
								<condition number="4" type="jump" coverage="100%"/>
								<condition number="5" type="jump" coverage="100%"/>
								<condition number="6" type="jump" coverage="100%"/>
								<condition number="7" type="jump" coverage="100%"/>
								<condition number="8" type="jump" coverage="100%"/>
								<condition number="9" type="jump" coverage="100%"/>
							</conditions>
						</line>
						<line number="68" hits="2" branch="false"/>
						<line number="69" hits="2" branch="false"/>
						<line number="76" hits="1" branch="false"/>
						<line number="77" hits="1" branch="false"/>
						<line number="86" hits="2" branch="false"/>
						<line number="87" hits="2" branch="false"/>
						<line number="94" hits="3" branch="false"/>
						<line number="95" hits="3" branch="false"/>
						<line number="96" hits="3" branch="false"/>
						<line number="97" hits="3" branch="false"/>
						<line number="101" hits="2" branch="false"/>
						<line number="103" hits="2" branch="false"/>
						<line number="104" hits="2" branch="true" condition-coverage="50% (1/2)">
							<conditions>
								<condition number="0" type="jump" coverage="50%"/>
							</conditions>
						</line>
						<line number="105" hits="2" branch="false"/>
						<line number="106" hits="2" branch="true" condition-coverage="100% (2/2)">
							<conditions>
								<condition number="0" type="jump" coverage="100%"/>
							</conditions>
						</line>
						<line number="107" hits="2" branch="true" condition-coverage="100% (2/2)">
							<conditions>
								<condition number="0" type="jump" coverage="100%"/>
							</conditions>
						</line>
						<line number="108" hits="1" branch="false"/>
						<line number="109" hits="1" branch="false"/>
						<line number="111" hits="1" branch="false"/>
						<line number="113" hits="2" branch="false"/>
						<line number="119" hits="1" branch="false"/>
						<line number="129" hits="2" branch="false"/>
						<line number="131" hits="4" branch="true" condition-coverage="100% (2/2)">
							<conditions>
								<condition number="0" type="jump" coverage="100%"/>
							</conditions>
						</line>
						<line number="132" hits="2" branch="false"/>
						<line number="134" hits="2" branch="false"/>
					</lines>
				</class>
				<class name="org.takes.facets.auth.PsByFlag$Pair" filename="org/takes/facets/auth/PsByFlag.java" line-rate="1.0" branch-rate="1.0" complexity="1.4444444444444444">
					<methods>
						<method name="&lt;init&gt;" signature="(Ljava/lang/String;Lorg/takes/facets/auth/Pass;)V" line-rate="1.0" branch-rate="1.0" complexity="0">
							<lines>
								<line number="152" hits="2" branch="false"/>
								<line number="153" hits="2" branch="false"/>
							</lines>
						</method>
						<method name="&lt;init&gt;" signature="(Ljava/util/regex/Pattern;Lorg/takes/facets/auth/Pass;)V" line-rate="1.0" branch-rate="1.0" complexity="0">
							<lines>
								<line number="160" hits="2" branch="false"/>
								<line number="161" hits="2" branch="false"/>
							</lines>
						</method>
					</methods>
					<lines>
						<line number="152" hits="2" branch="false"/>
						<line number="153" hits="2" branch="false"/>
						<line number="160" hits="2" branch="false"/>
						<line number="161" hits="2" branch="false"/>
					</lines>
				</class>
				<class name="org.takes.facets.auth.PsChain" filename="org/takes/facets/auth/PsChain.java" line-rate="0.7368421052631579" branch-rate="0.2222222222222222" complexity="1.75">
					<methods>
						<method name="&lt;init&gt;" signature="(Ljava/lang/Iterable;)V" line-rate="0.0" branch-rate="1.0" complexity="0">
							<lines>
								<line number="62" hits="0" branch="false"/>
								<line number="63" hits="0" branch="false"/>
								<line number="64" hits="0" branch="false"/>
							</lines>
						</method>
						<method name="&lt;init&gt;" signature="([Lorg/takes/facets/auth/Pass;)V" line-rate="1.0" branch-rate="1.0" complexity="0">
							<lines>
								<line number="54" hits="4" branch="false"/>
								<line number="55" hits="4" branch="false"/>
								<line number="56" hits="4" branch="false"/>
							</lines>
						</method>
						<method name="enter" signature="(Lorg/takes/Request;)Lorg/takes/misc/Opt;" line-rate="0.8571428571428571" branch-rate="0.5" complexity="0">
							<lines>
								<line number="68" hits="3" branch="false"/>
								<line number="69" hits="3" branch="true" condition-coverage="50% (1/2)">
									<conditions>
										<condition number="0" type="jump" coverage="50%"/>
									</conditions>
								</line>
								<line number="70" hits="3" branch="false"/>
								<line number="71" hits="3" branch="true" condition-coverage="50% (1/2)">
									<conditions>
										<condition number="0" type="jump" coverage="50%"/>
									</conditions>
								</line>
								<line number="72" hits="3" branch="false"/>
								<line number="74" hits="0" branch="false"/>
								<line number="75" hits="3" branch="false"/>
							</lines>
						</method>
						<method name="equals" signature="(Ljava/lang/Object;)Z" line-rate="1.0" branch-rate="1.0" complexity="0">
							<lines>
							</lines>
						</method>
						<method name="exit" signature="(Lorg/takes/Response;Lorg/takes/facets/auth/Identity;)Lorg/takes/Response;" line-rate="1.0" branch-rate="1.0" complexity="0">
							<lines>
								<line number="81" hits="3" branch="false"/>
								<line number="82" hits="3" branch="true" condition-coverage="100% (2/2)">
									<conditions>
										<condition number="0" type="jump" coverage="100%"/>
									</conditions>
								</line>
								<line number="83" hits="5" branch="false"/>
								<line number="84" hits="5" branch="false"/>
								<line number="85" hits="3" branch="false"/>
							</lines>
						</method>
						<method name="hashCode" signature="()I" line-rate="0.0" branch-rate="0.0" complexity="0">
							<lines>
								<line number="42" hits="0" branch="true" condition-coverage="0% (0/12)">
									<conditions>
										<condition number="0" type="jump" coverage="0%"/>
										<condition number="1" type="jump" coverage="0%"/>
										<condition number="2" type="jump" coverage="0%"/>
										<condition number="3" type="jump" coverage="0%"/>
										<condition number="4" type="jump" coverage="0%"/>
										<condition number="5" type="jump" coverage="0%"/>
									</conditions>
								</line>
							</lines>
						</method>
					</methods>
					<lines>
						<line number="42" hits="0" branch="true" condition-coverage="0% (0/12)">
							<conditions>
								<condition number="0" type="jump" coverage="0%"/>
								<condition number="1" type="jump" coverage="0%"/>
								<condition number="2" type="jump" coverage="0%"/>
								<condition number="3" type="jump" coverage="0%"/>
								<condition number="4" type="jump" coverage="0%"/>
								<condition number="5" type="jump" coverage="0%"/>
							</conditions>
						</line>
						<line number="54" hits="4" branch="false"/>
						<line number="55" hits="4" branch="false"/>
						<line number="56" hits="4" branch="false"/>
						<line number="62" hits="0" branch="false"/>
						<line number="63" hits="0" branch="false"/>
						<line number="64" hits="0" branch="false"/>
						<line number="68" hits="3" branch="false"/>
						<line number="69" hits="3" branch="true" condition-coverage="50% (1/2)">
							<conditions>
								<condition number="0" type="jump" coverage="50%"/>
							</conditions>
						</line>
						<line number="70" hits="3" branch="false"/>
						<line number="71" hits="3" branch="true" condition-coverage="50% (1/2)">
							<conditions>
								<condition number="0" type="jump" coverage="50%"/>
							</conditions>
						</line>
						<line number="72" hits="3" branch="false"/>
						<line number="74" hits="0" branch="false"/>
						<line number="75" hits="3" branch="false"/>
						<line number="81" hits="3" branch="false"/>
						<line number="82" hits="3" branch="true" condition-coverage="100% (2/2)">
							<conditions>
								<condition number="0" type="jump" coverage="100%"/>
							</conditions>
						</line>
						<line number="83" hits="5" branch="false"/>
						<line number="84" hits="5" branch="false"/>
						<line number="85" hits="3" branch="false"/>
					</lines>
				</class>
				<class name="org.takes.facets.auth.PsCookie" filename="org/takes/facets/auth/PsCookie.java" line-rate="0.9473684210526315" branch-rate="0.11538461538461539" complexity="1.4">
					<methods>
						<method name="&lt;init&gt;" signature="(Lorg/takes/facets/auth/codecs/Codec;)V" line-rate="1.0" branch-rate="1.0" complexity="0">
							<lines>
								<line number="71" hits="2" branch="false"/>
								<line number="72" hits="2" branch="false"/>
							</lines>
						</method>
						<method name="&lt;init&gt;" signature="(Lorg/takes/facets/auth/codecs/Codec;Ljava/lang/String;)V" line-rate="1.0" branch-rate="1.0" complexity="0">
							<lines>
								<line number="81" hits="2" branch="false"/>
								<line number="82" hits="2" branch="false"/>
							</lines>
						</method>
						<method name="&lt;init&gt;" signature="(Lorg/takes/facets/auth/codecs/Codec;Ljava/lang/String;J)V" line-rate="1.0" branch-rate="1.0" complexity="0">
							<lines>
								<line number="91" hits="3" branch="false"/>
								<line number="92" hits="3" branch="false"/>
								<line number="93" hits="3" branch="false"/>
								<line number="94" hits="3" branch="false"/>
								<line number="95" hits="3" branch="false"/>
							</lines>
						</method>
						<method name="enter" signature="(Lorg/takes/Request;)Lorg/takes/misc/Opt;" line-rate="1.0" branch-rate="0.5" complexity="0">
							<lines>
								<line number="99" hits="1" branch="false"/>
								<line number="101" hits="1" branch="false"/>
								<line number="102" hits="1" branch="true" condition-coverage="50% (1/2)">
									<conditions>
										<condition number="0" type="jump" coverage="50%"/>
									</conditions>
								</line>
								<line number="103" hits="1" branch="false"/>
								<line number="107" hits="1" branch="false"/>
							</lines>
						</method>
						<method name="equals" signature="(Ljava/lang/Object;)Z" line-rate="1.0" branch-rate="1.0" complexity="0">
							<lines>
							</lines>
						</method>
						<method name="exit" signature="(Lorg/takes/Response;Lorg/takes/facets/auth/Identity;)Lorg/takes/Response;" line-rate="1.0" branch-rate="1.0" complexity="0">
							<lines>
								<line number="114" hits="3" branch="true" condition-coverage="100% (2/2)">
									<conditions>
										<condition number="0" type="jump" coverage="100%"/>
									</conditions>
								</line>
								<line number="115" hits="1" branch="false"/>
								<line number="117" hits="2" branch="false"/>
								<line number="119" hits="3" branch="false"/>
							</lines>
						</method>
						<method name="hashCode" signature="()I" line-rate="0.0" branch-rate="0.0" complexity="0">
							<lines>
								<line number="48" hits="0" branch="true" condition-coverage="0% (0/22)">
									<conditions>
										<condition number="0" type="jump" coverage="0%"/>
										<condition number="1" type="jump" coverage="0%"/>
										<condition number="2" type="jump" coverage="0%"/>
										<condition number="3" type="jump" coverage="0%"/>
										<condition number="4" type="jump" coverage="0%"/>
										<condition number="5" type="jump" coverage="0%"/>
										<condition number="6" type="jump" coverage="0%"/>
										<condition number="7" type="jump" coverage="0%"/>
										<condition number="8" type="jump" coverage="0%"/>
										<condition number="9" type="jump" coverage="0%"/>
										<condition number="10" type="jump" coverage="0%"/>
									</conditions>
								</line>
							</lines>
						</method>
					</methods>
					<lines>
						<line number="48" hits="0" branch="true" condition-coverage="0% (0/22)">
							<conditions>
								<condition number="0" type="jump" coverage="0%"/>
								<condition number="1" type="jump" coverage="0%"/>
								<condition number="2" type="jump" coverage="0%"/>
								<condition number="3" type="jump" coverage="0%"/>
								<condition number="4" type="jump" coverage="0%"/>
								<condition number="5" type="jump" coverage="0%"/>
								<condition number="6" type="jump" coverage="0%"/>
								<condition number="7" type="jump" coverage="0%"/>
								<condition number="8" type="jump" coverage="0%"/>
								<condition number="9" type="jump" coverage="0%"/>
								<condition number="10" type="jump" coverage="0%"/>
							</conditions>
						</line>
						<line number="71" hits="2" branch="false"/>
						<line number="72" hits="2" branch="false"/>
						<line number="81" hits="2" branch="false"/>
						<line number="82" hits="2" branch="false"/>
						<line number="91" hits="3" branch="false"/>
						<line number="92" hits="3" branch="false"/>
						<line number="93" hits="3" branch="false"/>
						<line number="94" hits="3" branch="false"/>
						<line number="95" hits="3" branch="false"/>
						<line number="99" hits="1" branch="false"/>
						<line number="101" hits="1" branch="false"/>
						<line number="102" hits="1" branch="true" condition-coverage="50% (1/2)">
							<conditions>
								<condition number="0" type="jump" coverage="50%"/>
							</conditions>
						</line>
						<line number="103" hits="1" branch="false"/>
						<line number="107" hits="1" branch="false"/>
						<line number="114" hits="3" branch="true" condition-coverage="100% (2/2)">
							<conditions>
								<condition number="0" type="jump" coverage="100%"/>
							</conditions>
						</line>
						<line number="115" hits="1" branch="false"/>
						<line number="117" hits="2" branch="false"/>
						<line number="119" hits="3" branch="false"/>
					</lines>
				</class>
				<class name="org.takes.facets.auth.PsEmpty" filename="org/takes/facets/auth/PsEmpty.java" line-rate="0.0" branch-rate="0.0" complexity="1.0">
					<methods>
						<method name="&lt;init&gt;" signature="()V" line-rate="0.0" branch-rate="1.0" complexity="0">
							<lines>
								<line number="41" hits="0" branch="false"/>
							</lines>
						</method>
						<method name="enter" signature="(Lorg/takes/Request;)Lorg/takes/misc/Opt;" line-rate="0.0" branch-rate="1.0" complexity="0">
							<lines>
								<line number="45" hits="0" branch="false"/>
							</lines>
						</method>
						<method name="equals" signature="(Ljava/lang/Object;)Z" line-rate="1.0" branch-rate="1.0" complexity="0">
							<lines>
							</lines>
						</method>
						<method name="exit" signature="(Lorg/takes/Response;Lorg/takes/facets/auth/Identity;)Lorg/takes/Response;" line-rate="0.0" branch-rate="1.0" complexity="0">
							<lines>
								<line number="50" hits="0" branch="false"/>
							</lines>
						</method>
						<method name="hashCode" signature="()I" line-rate="0.0" branch-rate="0.0" complexity="0">
							<lines>
								<line number="40" hits="0" branch="true" condition-coverage="0% (0/4)">
									<conditions>
										<condition number="0" type="jump" coverage="0%"/>
										<condition number="1" type="jump" coverage="0%"/>
									</conditions>
								</line>
							</lines>
						</method>
					</methods>
					<lines>
						<line number="40" hits="0" branch="true" condition-coverage="0% (0/4)">
							<conditions>
								<condition number="0" type="jump" coverage="0%"/>
								<condition number="1" type="jump" coverage="0%"/>
							</conditions>
						</line>
						<line number="41" hits="0" branch="false"/>
						<line number="45" hits="0" branch="false"/>
						<line number="50" hits="0" branch="false"/>
					</lines>
				</class>
				<class name="org.takes.facets.auth.PsFake" filename="org/takes/facets/auth/PsFake.java" line-rate="0.8888888888888888" branch-rate="0.2" complexity="1.3333333333333333">
					<methods>
						<method name="&lt;init&gt;" signature="(Z)V" line-rate="1.0" branch-rate="1.0" complexity="0">
							<lines>
								<line number="52" hits="18" branch="false"/>
								<line number="53" hits="18" branch="false"/>
								<line number="54" hits="18" branch="false"/>
							</lines>
						</method>
						<method name="enter" signature="(Lorg/takes/Request;)Lorg/takes/misc/Opt;" line-rate="1.0" branch-rate="1.0" complexity="0">
							<lines>
								<line number="59" hits="11" branch="true" condition-coverage="100% (2/2)">
									<conditions>
										<condition number="0" type="jump" coverage="100%"/>
									</conditions>
								</line>
								<line number="60" hits="9" branch="false"/>
								<line number="64" hits="2" branch="false"/>
								<line number="66" hits="11" branch="false"/>
							</lines>
						</method>
						<method name="equals" signature="(Ljava/lang/Object;)Z" line-rate="1.0" branch-rate="1.0" complexity="0">
							<lines>
							</lines>
						</method>
						<method name="exit" signature="(Lorg/takes/Response;Lorg/takes/facets/auth/Identity;)Lorg/takes/Response;" line-rate="1.0" branch-rate="1.0" complexity="0">
							<lines>
								<line number="71" hits="2" branch="false"/>
							</lines>
						</method>
						<method name="hashCode" signature="()I" line-rate="0.0" branch-rate="0.0" complexity="0">
							<lines>
								<line number="40" hits="0" branch="true" condition-coverage="0% (0/8)">
									<conditions>
										<condition number="0" type="jump" coverage="0%"/>
										<condition number="1" type="jump" coverage="0%"/>
										<condition number="2" type="jump" coverage="0%"/>
										<condition number="3" type="jump" coverage="0%"/>
									</conditions>
								</line>
							</lines>
						</method>
					</methods>
					<lines>
						<line number="40" hits="0" branch="true" condition-coverage="0% (0/8)">
							<conditions>
								<condition number="0" type="jump" coverage="0%"/>
								<condition number="1" type="jump" coverage="0%"/>
								<condition number="2" type="jump" coverage="0%"/>
								<condition number="3" type="jump" coverage="0%"/>
							</conditions>
						</line>
						<line number="52" hits="18" branch="false"/>
						<line number="53" hits="18" branch="false"/>
						<line number="54" hits="18" branch="false"/>
						<line number="59" hits="11" branch="true" condition-coverage="100% (2/2)">
							<conditions>
								<condition number="0" type="jump" coverage="100%"/>
							</conditions>
						</line>
						<line number="60" hits="9" branch="false"/>
						<line number="64" hits="2" branch="false"/>
						<line number="66" hits="11" branch="false"/>
						<line number="71" hits="2" branch="false"/>
					</lines>
				</class>
				<class name="org.takes.facets.auth.PsFixed" filename="org/takes/facets/auth/PsFixed.java" line-rate="0.8333333333333334" branch-rate="0.0" complexity="1.0">
					<methods>
						<method name="&lt;init&gt;" signature="(Lorg/takes/facets/auth/Identity;)V" line-rate="1.0" branch-rate="1.0" complexity="0">
							<lines>
								<line number="52" hits="2" branch="false"/>
								<line number="53" hits="2" branch="false"/>
								<line number="54" hits="2" branch="false"/>
							</lines>
						</method>
						<method name="enter" signature="(Lorg/takes/Request;)Lorg/takes/misc/Opt;" line-rate="1.0" branch-rate="1.0" complexity="0">
							<lines>
								<line number="58" hits="4" branch="false"/>
							</lines>
						</method>
						<method name="equals" signature="(Ljava/lang/Object;)Z" line-rate="1.0" branch-rate="1.0" complexity="0">
							<lines>
							</lines>
						</method>
						<method name="exit" signature="(Lorg/takes/Response;Lorg/takes/facets/auth/Identity;)Lorg/takes/Response;" line-rate="1.0" branch-rate="1.0" complexity="0">
							<lines>
								<line number="64" hits="1" branch="false"/>
							</lines>
						</method>
						<method name="hashCode" signature="()I" line-rate="0.0" branch-rate="0.0" complexity="0">
							<lines>
								<line number="40" hits="0" branch="true" condition-coverage="0% (0/12)">
									<conditions>
										<condition number="0" type="jump" coverage="0%"/>
										<condition number="1" type="jump" coverage="0%"/>
										<condition number="2" type="jump" coverage="0%"/>
										<condition number="3" type="jump" coverage="0%"/>
										<condition number="4" type="jump" coverage="0%"/>
										<condition number="5" type="jump" coverage="0%"/>
									</conditions>
								</line>
							</lines>
						</method>
					</methods>
					<lines>
						<line number="40" hits="0" branch="true" condition-coverage="0% (0/12)">
							<conditions>
								<condition number="0" type="jump" coverage="0%"/>
								<condition number="1" type="jump" coverage="0%"/>
								<condition number="2" type="jump" coverage="0%"/>
								<condition number="3" type="jump" coverage="0%"/>
								<condition number="4" type="jump" coverage="0%"/>
								<condition number="5" type="jump" coverage="0%"/>
							</conditions>
						</line>
						<line number="52" hits="2" branch="false"/>
						<line number="53" hits="2" branch="false"/>
						<line number="54" hits="2" branch="false"/>
						<line number="58" hits="4" branch="false"/>
						<line number="64" hits="1" branch="false"/>
					</lines>
				</class>
				<class name="org.takes.facets.auth.PsLogout" filename="org/takes/facets/auth/PsLogout.java" line-rate="0.75" branch-rate="0.0" complexity="1.0">
					<methods>
						<method name="&lt;init&gt;" signature="()V" line-rate="1.0" branch-rate="1.0" complexity="0">
							<lines>
								<line number="41" hits="4" branch="false"/>
							</lines>
						</method>
						<method name="enter" signature="(Lorg/takes/Request;)Lorg/takes/misc/Opt;" line-rate="1.0" branch-rate="1.0" complexity="0">
							<lines>
								<line number="45" hits="3" branch="false"/>
							</lines>
						</method>
						<method name="equals" signature="(Ljava/lang/Object;)Z" line-rate="1.0" branch-rate="1.0" complexity="0">
							<lines>
							</lines>
						</method>
						<method name="exit" signature="(Lorg/takes/Response;Lorg/takes/facets/auth/Identity;)Lorg/takes/Response;" line-rate="1.0" branch-rate="1.0" complexity="0">
							<lines>
								<line number="51" hits="3" branch="false"/>
							</lines>
						</method>
						<method name="hashCode" signature="()I" line-rate="0.0" branch-rate="0.0" complexity="0">
							<lines>
								<line number="40" hits="0" branch="true" condition-coverage="0% (0/4)">
									<conditions>
										<condition number="0" type="jump" coverage="0%"/>
										<condition number="1" type="jump" coverage="0%"/>
									</conditions>
								</line>
							</lines>
						</method>
					</methods>
					<lines>
						<line number="40" hits="0" branch="true" condition-coverage="0% (0/4)">
							<conditions>
								<condition number="0" type="jump" coverage="0%"/>
								<condition number="1" type="jump" coverage="0%"/>
							</conditions>
						</line>
						<line number="41" hits="4" branch="false"/>
						<line number="45" hits="3" branch="false"/>
						<line number="51" hits="3" branch="false"/>
					</lines>
				</class>
				<class name="org.takes.facets.auth.RqAuth" filename="org/takes/facets/auth/RqAuth.java" line-rate="0.9090909090909091" branch-rate="0.2" complexity="1.3333333333333333">
					<methods>
						<method name="&lt;init&gt;" signature="(Lorg/takes/Request;)V" line-rate="1.0" branch-rate="1.0" complexity="0">
							<lines>
								<line number="56" hits="7" branch="false"/>
								<line number="57" hits="7" branch="false"/>
							</lines>
						</method>
						<method name="&lt;init&gt;" signature="(Lorg/takes/Request;Ljava/lang/String;)V" line-rate="1.0" branch-rate="1.0" complexity="0">
							<lines>
								<line number="65" hits="7" branch="false"/>
								<line number="66" hits="7" branch="false"/>
								<line number="67" hits="7" branch="false"/>
							</lines>
						</method>
						<method name="canEqual" signature="(Ljava/lang/Object;)Z" line-rate="1.0" branch-rate="1.0" complexity="0">
							<lines>
							</lines>
						</method>
						<method name="equals" signature="(Ljava/lang/Object;)Z" line-rate="1.0" branch-rate="1.0" complexity="0">
							<lines>
							</lines>
						</method>
						<method name="hashCode" signature="()I" line-rate="0.0" branch-rate="0.0" complexity="0">
							<lines>
								<line number="43" hits="0" branch="true" condition-coverage="0% (0/8)">
									<conditions>
										<condition number="0" type="jump" coverage="0%"/>
										<condition number="1" type="jump" coverage="0%"/>
										<condition number="2" type="jump" coverage="0%"/>
										<condition number="3" type="jump" coverage="0%"/>
									</conditions>
								</line>
							</lines>
						</method>
						<method name="identity" signature="()Lorg/takes/facets/auth/Identity;" line-rate="1.0" branch-rate="1.0" complexity="0">
							<lines>
								<line number="75" hits="7" branch="false"/>
								<line number="78" hits="7" branch="true" condition-coverage="100% (2/2)">
									<conditions>
										<condition number="0" type="jump" coverage="100%"/>
									</conditions>
								</line>
								<line number="79" hits="4" branch="false"/>
								<line number="81" hits="3" branch="false"/>
								<line number="83" hits="7" branch="false"/>
							</lines>
						</method>
					</methods>
					<lines>
						<line number="43" hits="0" branch="true" condition-coverage="0% (0/8)">
							<conditions>
								<condition number="0" type="jump" coverage="0%"/>
								<condition number="1" type="jump" coverage="0%"/>
								<condition number="2" type="jump" coverage="0%"/>
								<condition number="3" type="jump" coverage="0%"/>
							</conditions>
						</line>
						<line number="56" hits="7" branch="false"/>
						<line number="57" hits="7" branch="false"/>
						<line number="65" hits="7" branch="false"/>
						<line number="66" hits="7" branch="false"/>
						<line number="67" hits="7" branch="false"/>
						<line number="75" hits="7" branch="false"/>
						<line number="78" hits="7" branch="true" condition-coverage="100% (2/2)">
							<conditions>
								<condition number="0" type="jump" coverage="100%"/>
							</conditions>
						</line>
						<line number="79" hits="4" branch="false"/>
						<line number="81" hits="3" branch="false"/>
						<line number="83" hits="7" branch="false"/>
					</lines>
				</class>
				<class name="org.takes.facets.auth.RqWithAuth" filename="org/takes/facets/auth/RqWithAuth.java" line-rate="0.25" branch-rate="0.0" complexity="1.0">
					<methods>
						<method name="&lt;init&gt;" signature="(Ljava/lang/String;)V" line-rate="0.0" branch-rate="1.0" complexity="0">
							<lines>
								<line number="56" hits="0" branch="false"/>
								<line number="57" hits="0" branch="false"/>
							</lines>
						</method>
						<method name="&lt;init&gt;" signature="(Ljava/lang/String;Lorg/takes/Request;)V" line-rate="0.0" branch-rate="1.0" complexity="0">
							<lines>
								<line number="75" hits="0" branch="false"/>
								<line number="76" hits="0" branch="false"/>
							</lines>
						</method>
						<method name="&lt;init&gt;" signature="(Lorg/takes/facets/auth/Identity;)V" line-rate="0.0" branch-rate="1.0" complexity="0">
							<lines>
								<line number="65" hits="0" branch="false"/>
								<line number="66" hits="0" branch="false"/>
							</lines>
						</method>
						<method name="&lt;init&gt;" signature="(Lorg/takes/facets/auth/Identity;Ljava/lang/String;Lorg/takes/Request;)V" line-rate="1.0" branch-rate="1.0" complexity="0">
							<lines>
								<line number="98" hits="2" branch="false"/>
								<line number="99" hits="2" branch="false"/>
							</lines>
						</method>
						<method name="&lt;init&gt;" signature="(Lorg/takes/facets/auth/Identity;Lorg/takes/Request;)V" line-rate="0.0" branch-rate="1.0" complexity="0">
							<lines>
								<line number="86" hits="0" branch="false"/>
								<line number="87" hits="0" branch="false"/>
							</lines>
						</method>
						<method name="canEqual" signature="(Ljava/lang/Object;)Z" line-rate="1.0" branch-rate="1.0" complexity="0">
							<lines>
							</lines>
						</method>
						<method name="equals" signature="(Ljava/lang/Object;)Z" line-rate="1.0" branch-rate="1.0" complexity="0">
							<lines>
							</lines>
						</method>
						<method name="hashCode" signature="()I" line-rate="0.0" branch-rate="0.0" complexity="0">
							<lines>
								<line number="47" hits="0" branch="true" condition-coverage="0% (0/8)">
									<conditions>
										<condition number="0" type="jump" coverage="0%"/>
										<condition number="1" type="jump" coverage="0%"/>
										<condition number="2" type="jump" coverage="0%"/>
										<condition number="3" type="jump" coverage="0%"/>
									</conditions>
								</line>
							</lines>
						</method>
						<method name="make" signature="(Lorg/takes/facets/auth/Identity;Ljava/lang/String;Lorg/takes/Request;)Lorg/takes/Request;" line-rate="1.0" branch-rate="1.0" complexity="0">
							<lines>
								<line number="111" hits="2" branch="false"/>
							</lines>
						</method>
					</methods>
					<lines>
						<line number="47" hits="0" branch="true" condition-coverage="0% (0/8)">
							<conditions>
								<condition number="0" type="jump" coverage="0%"/>
								<condition number="1" type="jump" coverage="0%"/>
								<condition number="2" type="jump" coverage="0%"/>
								<condition number="3" type="jump" coverage="0%"/>
							</conditions>
						</line>
						<line number="56" hits="0" branch="false"/>
						<line number="57" hits="0" branch="false"/>
						<line number="65" hits="0" branch="false"/>
						<line number="66" hits="0" branch="false"/>
						<line number="75" hits="0" branch="false"/>
						<line number="76" hits="0" branch="false"/>
						<line number="86" hits="0" branch="false"/>
						<line number="87" hits="0" branch="false"/>
						<line number="98" hits="2" branch="false"/>
						<line number="99" hits="2" branch="false"/>
						<line number="111" hits="2" branch="false"/>
					</lines>
				</class>
				<class name="org.takes.facets.auth.RsLogout" filename="org/takes/facets/auth/RsLogout.java" line-rate="0.0" branch-rate="0.0" complexity="1.0">
					<methods>
						<method name="&lt;init&gt;" signature="(Lorg/takes/Response;)V" line-rate="0.0" branch-rate="1.0" complexity="0">
							<lines>
								<line number="50" hits="0" branch="false"/>
								<line number="51" hits="0" branch="false"/>
							</lines>
						</method>
						<method name="&lt;init&gt;" signature="(Lorg/takes/Response;Ljava/lang/String;)V" line-rate="0.0" branch-rate="1.0" complexity="0">
							<lines>
								<line number="58" hits="0" branch="false"/>
								<line number="59" hits="0" branch="false"/>
							</lines>
						</method>
						<method name="canEqual" signature="(Ljava/lang/Object;)Z" line-rate="1.0" branch-rate="1.0" complexity="0">
							<lines>
							</lines>
						</method>
						<method name="equals" signature="(Ljava/lang/Object;)Z" line-rate="1.0" branch-rate="1.0" complexity="0">
							<lines>
							</lines>
						</method>
						<method name="hashCode" signature="()I" line-rate="0.0" branch-rate="0.0" complexity="0">
							<lines>
								<line number="42" hits="0" branch="true" condition-coverage="0% (0/8)">
									<conditions>
										<condition number="0" type="jump" coverage="0%"/>
										<condition number="1" type="jump" coverage="0%"/>
										<condition number="2" type="jump" coverage="0%"/>
										<condition number="3" type="jump" coverage="0%"/>
									</conditions>
								</line>
							</lines>
						</method>
						<method name="toString" signature="()Ljava/lang/String;" line-rate="0.0" branch-rate="1.0" complexity="0">
							<lines>
								<line number="41" hits="0" branch="false"/>
							</lines>
						</method>
					</methods>
					<lines>
						<line number="41" hits="0" branch="false"/>
						<line number="42" hits="0" branch="true" condition-coverage="0% (0/8)">
							<conditions>
								<condition number="0" type="jump" coverage="0%"/>
								<condition number="1" type="jump" coverage="0%"/>
								<condition number="2" type="jump" coverage="0%"/>
								<condition number="3" type="jump" coverage="0%"/>
							</conditions>
						</line>
						<line number="50" hits="0" branch="false"/>
						<line number="51" hits="0" branch="false"/>
						<line number="58" hits="0" branch="false"/>
						<line number="59" hits="0" branch="false"/>
					</lines>
				</class>
				<class name="org.takes.facets.auth.TkAuth" filename="org/takes/facets/auth/TkAuth.java" line-rate="0.8333333333333334" branch-rate="0.09375" complexity="1.5">
					<methods>
						<method name="&lt;init&gt;" signature="(Lorg/takes/Take;Lorg/takes/facets/auth/Pass;)V" line-rate="1.0" branch-rate="1.0" complexity="0">
							<lines>
								<line number="69" hits="3" branch="false"/>
								<line number="70" hits="4" branch="false"/>
							</lines>
						</method>
						<method name="&lt;init&gt;" signature="(Lorg/takes/Take;Lorg/takes/facets/auth/Pass;Ljava/lang/String;)V" line-rate="1.0" branch-rate="1.0" complexity="0">
							<lines>
								<line number="78" hits="4" branch="false"/>
								<line number="79" hits="4" branch="false"/>
								<line number="80" hits="4" branch="false"/>
								<line number="81" hits="4" branch="false"/>
								<line number="82" hits="4" branch="false"/>
							</lines>
						</method>
						<method name="act" signature="(Lorg/takes/Request;)Lorg/takes/Response;" line-rate="0.8" branch-rate="0.5" complexity="0">
							<lines>
								<line number="86" hits="4" branch="false"/>
								<line number="88" hits="4" branch="true" condition-coverage="50% (1/2)">
									<conditions>
										<condition number="0" type="jump" coverage="50%"/>
									</conditions>
								</line>
								<line number="89" hits="4" branch="false"/>
								<line number="91" hits="0" branch="false"/>
								<line number="93" hits="4" branch="false"/>
							</lines>
						</method>
						<method name="act" signature="(Lorg/takes/Request;Lorg/takes/facets/auth/Identity;)Lorg/takes/Response;" line-rate="1.0" branch-rate="1.0" complexity="0">
							<lines>
								<line number="105" hits="4" branch="false"/>
								<line number="106" hits="4" branch="true" condition-coverage="100% (2/2)">
									<conditions>
										<condition number="0" type="jump" coverage="100%"/>
									</conditions>
								</line>
								<line number="107" hits="2" branch="false"/>
								<line number="109" hits="4" branch="false"/>
							</lines>
						</method>
						<method name="equals" signature="(Ljava/lang/Object;)Z" line-rate="1.0" branch-rate="1.0" complexity="0">
							<lines>
							</lines>
						</method>
						<method name="hashCode" signature="()I" line-rate="0.0" branch-rate="0.0" complexity="0">
							<lines>
								<line number="45" hits="0" branch="true" condition-coverage="0% (0/28)">
									<conditions>
										<condition number="0" type="jump" coverage="0%"/>
										<condition number="1" type="jump" coverage="0%"/>
										<condition number="2" type="jump" coverage="0%"/>
										<condition number="3" type="jump" coverage="0%"/>
										<condition number="4" type="jump" coverage="0%"/>
										<condition number="5" type="jump" coverage="0%"/>
										<condition number="6" type="jump" coverage="0%"/>
										<condition number="7" type="jump" coverage="0%"/>
										<condition number="8" type="jump" coverage="0%"/>
										<condition number="9" type="jump" coverage="0%"/>
										<condition number="10" type="jump" coverage="0%"/>
										<condition number="11" type="jump" coverage="0%"/>
										<condition number="12" type="jump" coverage="0%"/>
										<condition number="13" type="jump" coverage="0%"/>
									</conditions>
								</line>
							</lines>
						</method>
						<method name="toString" signature="()Ljava/lang/String;" line-rate="0.0" branch-rate="1.0" complexity="0">
							<lines>
								<line number="44" hits="0" branch="false"/>
							</lines>
						</method>
					</methods>
					<lines>
						<line number="44" hits="0" branch="false"/>
						<line number="45" hits="0" branch="true" condition-coverage="0% (0/28)">
							<conditions>
								<condition number="0" type="jump" coverage="0%"/>
								<condition number="1" type="jump" coverage="0%"/>
								<condition number="2" type="jump" coverage="0%"/>
								<condition number="3" type="jump" coverage="0%"/>
								<condition number="4" type="jump" coverage="0%"/>
								<condition number="5" type="jump" coverage="0%"/>
								<condition number="6" type="jump" coverage="0%"/>
								<condition number="7" type="jump" coverage="0%"/>
								<condition number="8" type="jump" coverage="0%"/>
								<condition number="9" type="jump" coverage="0%"/>
								<condition number="10" type="jump" coverage="0%"/>
								<condition number="11" type="jump" coverage="0%"/>
								<condition number="12" type="jump" coverage="0%"/>
								<condition number="13" type="jump" coverage="0%"/>
							</conditions>
						</line>
						<line number="69" hits="3" branch="false"/>
						<line number="70" hits="4" branch="false"/>
						<line number="78" hits="4" branch="false"/>
						<line number="79" hits="4" branch="false"/>
						<line number="80" hits="4" branch="false"/>
						<line number="81" hits="4" branch="false"/>
						<line number="82" hits="4" branch="false"/>
						<line number="86" hits="4" branch="false"/>
						<line number="88" hits="4" branch="true" condition-coverage="50% (1/2)">
							<conditions>
								<condition number="0" type="jump" coverage="50%"/>
							</conditions>
						</line>
						<line number="89" hits="4" branch="false"/>
						<line number="91" hits="0" branch="false"/>
						<line number="93" hits="4" branch="false"/>
						<line number="105" hits="4" branch="false"/>
						<line number="106" hits="4" branch="true" condition-coverage="100% (2/2)">
							<conditions>
								<condition number="0" type="jump" coverage="100%"/>
							</conditions>
						</line>
						<line number="107" hits="2" branch="false"/>
						<line number="109" hits="4" branch="false"/>
					</lines>
				</class>
				<class name="org.takes.facets.auth.TkSecure" filename="org/takes/facets/auth/TkSecure.java" line-rate="0.8181818181818182" branch-rate="0.09090909090909091" complexity="1.6666666666666667">
					<methods>
						<method name="&lt;init&gt;" signature="(Lorg/takes/Take;)V" line-rate="1.0" branch-rate="1.0" complexity="0">
							<lines>
								<line number="65" hits="2" branch="false"/>
								<line number="66" hits="2" branch="false"/>
							</lines>
						</method>
						<method name="&lt;init&gt;" signature="(Lorg/takes/Take;Ljava/lang/String;)V" line-rate="1.0" branch-rate="1.0" complexity="0">
							<lines>
								<line number="73" hits="2" branch="false"/>
								<line number="74" hits="2" branch="false"/>
								<line number="75" hits="2" branch="false"/>
								<line number="76" hits="2" branch="false"/>
							</lines>
						</method>
						<method name="act" signature="(Lorg/takes/Request;)Lorg/takes/Response;" line-rate="1.0" branch-rate="1.0" complexity="0">
							<lines>
								<line number="80" hits="2" branch="true" condition-coverage="100% (2/2)">
									<conditions>
										<condition number="0" type="jump" coverage="100%"/>
									</conditions>
								</line>
								<line number="81" hits="1" branch="false"/>
								<line number="86" hits="1" branch="false"/>
							</lines>
						</method>
						<method name="equals" signature="(Ljava/lang/Object;)Z" line-rate="1.0" branch-rate="1.0" complexity="0">
							<lines>
							</lines>
						</method>
						<method name="hashCode" signature="()I" line-rate="0.0" branch-rate="0.0" complexity="0">
							<lines>
								<line number="46" hits="0" branch="true" condition-coverage="0% (0/20)">
									<conditions>
										<condition number="0" type="jump" coverage="0%"/>
										<condition number="1" type="jump" coverage="0%"/>
										<condition number="2" type="jump" coverage="0%"/>
										<condition number="3" type="jump" coverage="0%"/>
										<condition number="4" type="jump" coverage="0%"/>
										<condition number="5" type="jump" coverage="0%"/>
										<condition number="6" type="jump" coverage="0%"/>
										<condition number="7" type="jump" coverage="0%"/>
										<condition number="8" type="jump" coverage="0%"/>
										<condition number="9" type="jump" coverage="0%"/>
									</conditions>
								</line>
							</lines>
						</method>
						<method name="toString" signature="()Ljava/lang/String;" line-rate="0.0" branch-rate="1.0" complexity="0">
							<lines>
								<line number="45" hits="0" branch="false"/>
							</lines>
						</method>
					</methods>
					<lines>
						<line number="45" hits="0" branch="false"/>
						<line number="46" hits="0" branch="true" condition-coverage="0% (0/20)">
							<conditions>
								<condition number="0" type="jump" coverage="0%"/>
								<condition number="1" type="jump" coverage="0%"/>
								<condition number="2" type="jump" coverage="0%"/>
								<condition number="3" type="jump" coverage="0%"/>
								<condition number="4" type="jump" coverage="0%"/>
								<condition number="5" type="jump" coverage="0%"/>
								<condition number="6" type="jump" coverage="0%"/>
								<condition number="7" type="jump" coverage="0%"/>
								<condition number="8" type="jump" coverage="0%"/>
								<condition number="9" type="jump" coverage="0%"/>
							</conditions>
						</line>
						<line number="65" hits="2" branch="false"/>
						<line number="66" hits="2" branch="false"/>
						<line number="73" hits="2" branch="false"/>
						<line number="74" hits="2" branch="false"/>
						<line number="75" hits="2" branch="false"/>
						<line number="76" hits="2" branch="false"/>
						<line number="80" hits="2" branch="true" condition-coverage="100% (2/2)">
							<conditions>
								<condition number="0" type="jump" coverage="100%"/>
							</conditions>
						</line>
						<line number="81" hits="1" branch="false"/>
						<line number="86" hits="1" branch="false"/>
					</lines>
				</class>
				<class name="org.takes.facets.auth.XeIdentity" filename="org/takes/facets/auth/XeIdentity.java" line-rate="0.6666666666666666" branch-rate="0.0" complexity="2.0">
					<methods>
						<method name="&lt;init&gt;" signature="(Lorg/takes/Request;)V" line-rate="1.0" branch-rate="1.0" complexity="0">
							<lines>
								<line number="52" hits="1" branch="false"/>
								<line number="70" hits="1" branch="false"/>
							</lines>
						</method>
						<method name="canEqual" signature="(Ljava/lang/Object;)Z" line-rate="1.0" branch-rate="1.0" complexity="0">
							<lines>
							</lines>
						</method>
						<method name="equals" signature="(Ljava/lang/Object;)Z" line-rate="1.0" branch-rate="1.0" complexity="0">
							<lines>
							</lines>
						</method>
						<method name="hashCode" signature="()I" line-rate="0.0" branch-rate="0.0" complexity="0">
							<lines>
								<line number="44" hits="0" branch="true" condition-coverage="0% (0/8)">
									<conditions>
										<condition number="0" type="jump" coverage="0%"/>
										<condition number="1" type="jump" coverage="0%"/>
										<condition number="2" type="jump" coverage="0%"/>
										<condition number="3" type="jump" coverage="0%"/>
									</conditions>
								</line>
							</lines>
						</method>
					</methods>
					<lines>
						<line number="44" hits="0" branch="true" condition-coverage="0% (0/8)">
							<conditions>
								<condition number="0" type="jump" coverage="0%"/>
								<condition number="1" type="jump" coverage="0%"/>
								<condition number="2" type="jump" coverage="0%"/>
								<condition number="3" type="jump" coverage="0%"/>
							</conditions>
						</line>
						<line number="52" hits="1" branch="false"/>
						<line number="70" hits="1" branch="false"/>
					</lines>
				</class>
				<class name="org.takes.facets.auth.XeIdentity$1" filename="org/takes/facets/auth/XeIdentity.java" line-rate="1.0" branch-rate="0.75" complexity="2.0">
					<methods>
						<method name="&lt;init&gt;" signature="(Lorg/takes/Request;)V" line-rate="1.0" branch-rate="1.0" complexity="0">
							<lines>
								<line number="53" hits="1" branch="false"/>
							</lines>
						</method>
						<method name="toXembly" signature="()Ljava/lang/Iterable;" line-rate="1.0" branch-rate="0.75" complexity="0">
							<lines>
								<line number="56" hits="1" branch="false"/>
								<line number="57" hits="1" branch="false"/>
								<line number="58" hits="1" branch="true" condition-coverage="50% (1/2)">
									<conditions>
										<condition number="0" type="jump" coverage="50%"/>
									</conditions>
								</line>
								<line number="59" hits="1" branch="false"/>
								<line number="62" hits="1" branch="true" condition-coverage="100% (2/2)">
									<conditions>
										<condition number="0" type="jump" coverage="100%"/>
									</conditions>
								</line>
								<line number="63" hits="1" branch="false"/>
								<line number="64" hits="1" branch="false"/>
								<line number="66" hits="1" branch="false"/>
							</lines>
						</method>
					</methods>
					<lines>
						<line number="53" hits="1" branch="false"/>
						<line number="56" hits="1" branch="false"/>
						<line number="57" hits="1" branch="false"/>
						<line number="58" hits="1" branch="true" condition-coverage="50% (1/2)">
							<conditions>
								<condition number="0" type="jump" coverage="50%"/>
							</conditions>
						</line>
						<line number="59" hits="1" branch="false"/>
						<line number="62" hits="1" branch="true" condition-coverage="100% (2/2)">
							<conditions>
								<condition number="0" type="jump" coverage="100%"/>
							</conditions>
						</line>
						<line number="63" hits="1" branch="false"/>
						<line number="64" hits="1" branch="false"/>
						<line number="66" hits="1" branch="false"/>
					</lines>
				</class>
				<class name="org.takes.facets.auth.XeLogoutLink" filename="org/takes/facets/auth/XeLogoutLink.java" line-rate="0.8" branch-rate="0.0" complexity="1.0">
					<methods>
						<method name="&lt;init&gt;" signature="(Lorg/takes/Request;)V" line-rate="1.0" branch-rate="1.0" complexity="0">
							<lines>
								<line number="52" hits="1" branch="false"/>
								<line number="53" hits="1" branch="false"/>
							</lines>
						</method>
						<method name="&lt;init&gt;" signature="(Lorg/takes/Request;Ljava/lang/String;Ljava/lang/String;)V" line-rate="1.0" branch-rate="1.0" complexity="0">
							<lines>
								<line number="64" hits="1" branch="false"/>
								<line number="72" hits="1" branch="false"/>
							</lines>
						</method>
						<method name="canEqual" signature="(Ljava/lang/Object;)Z" line-rate="1.0" branch-rate="1.0" complexity="0">
							<lines>
							</lines>
						</method>
						<method name="equals" signature="(Ljava/lang/Object;)Z" line-rate="1.0" branch-rate="1.0" complexity="0">
							<lines>
							</lines>
						</method>
						<method name="hashCode" signature="()I" line-rate="0.0" branch-rate="0.0" complexity="0">
							<lines>
								<line number="42" hits="0" branch="true" condition-coverage="0% (0/8)">
									<conditions>
										<condition number="0" type="jump" coverage="0%"/>
										<condition number="1" type="jump" coverage="0%"/>
										<condition number="2" type="jump" coverage="0%"/>
										<condition number="3" type="jump" coverage="0%"/>
									</conditions>
								</line>
							</lines>
						</method>
					</methods>
					<lines>
						<line number="42" hits="0" branch="true" condition-coverage="0% (0/8)">
							<conditions>
								<condition number="0" type="jump" coverage="0%"/>
								<condition number="1" type="jump" coverage="0%"/>
								<condition number="2" type="jump" coverage="0%"/>
								<condition number="3" type="jump" coverage="0%"/>
							</conditions>
						</line>
						<line number="52" hits="1" branch="false"/>
						<line number="53" hits="1" branch="false"/>
						<line number="64" hits="1" branch="false"/>
						<line number="72" hits="1" branch="false"/>
					</lines>
				</class>
			</classes>
		</package>
		<package name="org.takes.facets.auth.codecs" line-rate="0.7136363636363636" branch-rate="0.23214285714285715" complexity="2.558139534883721">
			<classes>
				<class name="org.takes.facets.auth.codecs.CcAES" filename="org/takes/facets/auth/codecs/CcAES.java" line-rate="0.5121951219512195" branch-rate="0.02631578947368421" complexity="4.0">
[...]
								<line number="45" hits="0" branch="false"/>
							</lines>
						</method>
					</methods>
					<lines>
						<line number="45" hits="0" branch="false"/>
						<line number="46" hits="0" branch="true" condition-coverage="0% (0/8)">
							<conditions>
								<condition number="0" type="jump" coverage="0%"/>
								<condition number="1" type="jump" coverage="0%"/>
								<condition number="2" type="jump" coverage="0%"/>
								<condition number="3" type="jump" coverage="0%"/>
							</conditions>
						</line>
						<line number="54" hits="1" branch="false"/>
						<line number="74" hits="1" branch="false"/>
					</lines>
				</class>
				<class name="org.takes.tk.TkVerbose$1" filename="org/takes/tk/TkVerbose.java" line-rate="1.0" branch-rate="1.0" complexity="2.5">
					<methods>
						<method name="&lt;init&gt;" signature="(Lorg/takes/Take;)V" line-rate="1.0" branch-rate="1.0" complexity="0">
							<lines>
								<line number="55" hits="1" branch="false"/>
							</lines>
						</method>
						<method name="act" signature="(Lorg/takes/Request;)Lorg/takes/Response;" line-rate="1.0" branch-rate="1.0" complexity="0">
							<lines>
								<line number="59" hits="1" branch="false"/>
								<line number="60" hits="1" branch="false"/>
								<line number="61" hits="1" branch="false"/>
							</lines>
						</method>
					</methods>
					<lines>
						<line number="55" hits="1" branch="false"/>
						<line number="59" hits="1" branch="false"/>
						<line number="60" hits="1" branch="false"/>
						<line number="61" hits="1" branch="false"/>
					</lines>
				</class>
				<class name="org.takes.tk.TkVersioned" filename="org/takes/tk/TkVersioned.java" line-rate="0.8" branch-rate="0.0" complexity="1.0">
					<methods>
						<method name="&lt;clinit&gt;" signature="()V" line-rate="1.0" branch-rate="1.0" complexity="0">
							<lines>
								<line number="52" hits="1" branch="false"/>
							</lines>
						</method>
						<method name="&lt;init&gt;" signature="(Lorg/takes/Take;)V" line-rate="1.0" branch-rate="1.0" complexity="0">
							<lines>
								<line number="59" hits="1" branch="false"/>
								<line number="60" hits="1" branch="false"/>
							</lines>
						</method>
						<method name="&lt;init&gt;" signature="(Lorg/takes/Take;Ljava/lang/String;)V" line-rate="1.0" branch-rate="1.0" complexity="0">
							<lines>
								<line number="68" hits="1" branch="false"/>
								<line number="78" hits="1" branch="false"/>
							</lines>
						</method>
						<method name="access$000" signature="()Ljava/lang/String;" line-rate="1.0" branch-rate="1.0" complexity="0">
							<lines>
								<line number="47" hits="1" branch="false"/>
							</lines>
						</method>
						<method name="canEqual" signature="(Ljava/lang/Object;)Z" line-rate="1.0" branch-rate="1.0" complexity="0">
							<lines>
							</lines>
						</method>
						<method name="equals" signature="(Ljava/lang/Object;)Z" line-rate="1.0" branch-rate="1.0" complexity="0">
							<lines>
							</lines>
						</method>
						<method name="hashCode" signature="()I" line-rate="0.0" branch-rate="0.0" complexity="0">
							<lines>
								<line number="46" hits="0" branch="true" condition-coverage="0% (0/8)">
									<conditions>
										<condition number="0" type="jump" coverage="0%"/>
										<condition number="1" type="jump" coverage="0%"/>
										<condition number="2" type="jump" coverage="0%"/>
										<condition number="3" type="jump" coverage="0%"/>
									</conditions>
								</line>
							</lines>
						</method>
						<method name="make" signature="()Ljava/lang/String;" line-rate="1.0" branch-rate="1.0" complexity="0">
							<lines>
								<line number="85" hits="1" branch="false"/>
								<line number="87" hits="1" branch="false"/>
							</lines>
						</method>
						<method name="toString" signature="()Ljava/lang/String;" line-rate="0.0" branch-rate="1.0" complexity="0">
							<lines>
								<line number="45" hits="0" branch="false"/>
							</lines>
						</method>
					</methods>
					<lines>
						<line number="45" hits="0" branch="false"/>
						<line number="46" hits="0" branch="true" condition-coverage="0% (0/8)">
							<conditions>
								<condition number="0" type="jump" coverage="0%"/>
								<condition number="1" type="jump" coverage="0%"/>
								<condition number="2" type="jump" coverage="0%"/>
								<condition number="3" type="jump" coverage="0%"/>
							</conditions>
						</line>
						<line number="47" hits="1" branch="false"/>
						<line number="52" hits="1" branch="false"/>
						<line number="59" hits="1" branch="false"/>
						<line number="60" hits="1" branch="false"/>
						<line number="68" hits="1" branch="false"/>
						<line number="78" hits="1" branch="false"/>
						<line number="85" hits="1" branch="false"/>
						<line number="87" hits="1" branch="false"/>
					</lines>
				</class>
				<class name="org.takes.tk.TkVersioned$1" filename="org/takes/tk/TkVersioned.java" line-rate="1.0" branch-rate="1.0" complexity="1.0">
					<methods>
						<method name="&lt;init&gt;" signature="(Lorg/takes/Take;Ljava/lang/String;)V" line-rate="1.0" branch-rate="1.0" complexity="0">
							<lines>
								<line number="69" hits="1" branch="false"/>
							</lines>
						</method>
						<method name="act" signature="(Lorg/takes/Request;)Lorg/takes/Response;" line-rate="1.0" branch-rate="1.0" complexity="0">
							<lines>
								<line number="72" hits="1" branch="false"/>
							</lines>
						</method>
					</methods>
					<lines>
						<line number="69" hits="1" branch="false"/>
						<line number="72" hits="1" branch="false"/>
					</lines>
				</class>
				<class name="org.takes.tk.TkWithCookie" filename="org/takes/tk/TkWithCookie.java" line-rate="0.0" branch-rate="0.0" complexity="1.0">
					<methods>
						<method name="&lt;init&gt;" signature="(Lorg/takes/Take;Ljava/lang/String;Ljava/lang/String;)V" line-rate="0.0" branch-rate="1.0" complexity="0">
							<lines>
								<line number="53" hits="0" branch="false"/>
								<line number="59" hits="0" branch="false"/>
							</lines>
						</method>
						<method name="canEqual" signature="(Ljava/lang/Object;)Z" line-rate="1.0" branch-rate="1.0" complexity="0">
							<lines>
							</lines>
						</method>
						<method name="equals" signature="(Ljava/lang/Object;)Z" line-rate="1.0" branch-rate="1.0" complexity="0">
							<lines>
							</lines>
						</method>
						<method name="hashCode" signature="()I" line-rate="0.0" branch-rate="0.0" complexity="0">
							<lines>
								<line number="43" hits="0" branch="true" condition-coverage="0% (0/8)">
									<conditions>
										<condition number="0" type="jump" coverage="0%"/>
										<condition number="1" type="jump" coverage="0%"/>
										<condition number="2" type="jump" coverage="0%"/>
										<condition number="3" type="jump" coverage="0%"/>
									</conditions>
								</line>
							</lines>
						</method>
						<method name="toString" signature="()Ljava/lang/String;" line-rate="0.0" branch-rate="1.0" complexity="0">
							<lines>
								<line number="42" hits="0" branch="false"/>
							</lines>
						</method>
					</methods>
					<lines>
						<line number="42" hits="0" branch="false"/>
						<line number="43" hits="0" branch="true" condition-coverage="0% (0/8)">
							<conditions>
								<condition number="0" type="jump" coverage="0%"/>
								<condition number="1" type="jump" coverage="0%"/>
								<condition number="2" type="jump" coverage="0%"/>
								<condition number="3" type="jump" coverage="0%"/>
							</conditions>
						</line>
						<line number="53" hits="0" branch="false"/>
						<line number="59" hits="0" branch="false"/>
					</lines>
				</class>
				<class name="org.takes.tk.TkWithHeader" filename="org/takes/tk/TkWithHeader.java" line-rate="0.0" branch-rate="0.0" complexity="1.0">
					<methods>
						<method name="&lt;init&gt;" signature="(Lorg/takes/Take;Ljava/lang/String;)V" line-rate="0.0" branch-rate="1.0" complexity="0">
							<lines>
								<line number="66" hits="0" branch="false"/>
								<line number="74" hits="0" branch="false"/>
							</lines>
						</method>
						<method name="&lt;init&gt;" signature="(Lorg/takes/Take;Ljava/lang/String;Ljava/lang/String;)V" line-rate="0.0" branch-rate="1.0" complexity="0">
							<lines>
								<line number="57" hits="0" branch="false"/>
								<line number="58" hits="0" branch="false"/>
							</lines>
						</method>
						<method name="canEqual" signature="(Ljava/lang/Object;)Z" line-rate="1.0" branch-rate="1.0" complexity="0">
							<lines>
							</lines>
						</method>
						<method name="equals" signature="(Ljava/lang/Object;)Z" line-rate="1.0" branch-rate="1.0" complexity="0">
							<lines>
							</lines>
						</method>
						<method name="hashCode" signature="()I" line-rate="0.0" branch-rate="0.0" complexity="0">
							<lines>
								<line number="47" hits="0" branch="true" condition-coverage="0% (0/8)">
									<conditions>
										<condition number="0" type="jump" coverage="0%"/>
										<condition number="1" type="jump" coverage="0%"/>
										<condition number="2" type="jump" coverage="0%"/>
										<condition number="3" type="jump" coverage="0%"/>
									</conditions>
								</line>
							</lines>
						</method>
						<method name="toString" signature="()Ljava/lang/String;" line-rate="0.0" branch-rate="1.0" complexity="0">
							<lines>
								<line number="46" hits="0" branch="false"/>
							</lines>
						</method>
					</methods>
					<lines>
						<line number="46" hits="0" branch="false"/>
						<line number="47" hits="0" branch="true" condition-coverage="0% (0/8)">
							<conditions>
								<condition number="0" type="jump" coverage="0%"/>
								<condition number="1" type="jump" coverage="0%"/>
								<condition number="2" type="jump" coverage="0%"/>
								<condition number="3" type="jump" coverage="0%"/>
							</conditions>
						</line>
						<line number="57" hits="0" branch="false"/>
						<line number="58" hits="0" branch="false"/>
						<line number="66" hits="0" branch="false"/>
						<line number="74" hits="0" branch="false"/>
					</lines>
				</class>
				<class name="org.takes.tk.TkWithHeader$1" filename="org/takes/tk/TkWithHeader.java" line-rate="0.0" branch-rate="1.0" complexity="1.0">
					<methods>
						<method name="&lt;init&gt;" signature="(Lorg/takes/Take;Ljava/lang/String;)V" line-rate="0.0" branch-rate="1.0" complexity="0">
							<lines>
								<line number="67" hits="0" branch="false"/>
							</lines>
						</method>
						<method name="act" signature="(Lorg/takes/Request;)Lorg/takes/Response;" line-rate="0.0" branch-rate="1.0" complexity="0">
							<lines>
								<line number="70" hits="0" branch="false"/>
							</lines>
						</method>
					</methods>
					<lines>
						<line number="67" hits="0" branch="false"/>
						<line number="70" hits="0" branch="false"/>
					</lines>
				</class>
				<class name="org.takes.tk.TkWithHeaders" filename="org/takes/tk/TkWithHeaders.java" line-rate="0.6666666666666666" branch-rate="0.0" complexity="1.0">
					<methods>
						<method name="&lt;init&gt;" signature="(Lorg/takes/Take;Ljava/util/Collection;)V" line-rate="1.0" branch-rate="1.0" complexity="0">
							<lines>
								<line number="67" hits="1" branch="false"/>
								<line number="75" hits="1" branch="false"/>
							</lines>
						</method>
						<method name="&lt;init&gt;" signature="(Lorg/takes/Take;[Ljava/lang/String;)V" line-rate="1.0" branch-rate="1.0" complexity="0">
							<lines>
								<line number="58" hits="1" branch="false"/>
								<line number="59" hits="1" branch="false"/>
							</lines>
						</method>
						<method name="canEqual" signature="(Ljava/lang/Object;)Z" line-rate="1.0" branch-rate="1.0" complexity="0">
							<lines>
							</lines>
						</method>
						<method name="equals" signature="(Ljava/lang/Object;)Z" line-rate="1.0" branch-rate="1.0" complexity="0">
							<lines>
							</lines>
						</method>
						<method name="hashCode" signature="()I" line-rate="0.0" branch-rate="0.0" complexity="0">
							<lines>
								<line number="49" hits="0" branch="true" condition-coverage="0% (0/8)">
									<conditions>
										<condition number="0" type="jump" coverage="0%"/>
										<condition number="1" type="jump" coverage="0%"/>
										<condition number="2" type="jump" coverage="0%"/>
										<condition number="3" type="jump" coverage="0%"/>
									</conditions>
								</line>
							</lines>
						</method>
						<method name="toString" signature="()Ljava/lang/String;" line-rate="0.0" branch-rate="1.0" complexity="0">
							<lines>
								<line number="48" hits="0" branch="false"/>
							</lines>
						</method>
					</methods>
					<lines>
						<line number="48" hits="0" branch="false"/>
						<line number="49" hits="0" branch="true" condition-coverage="0% (0/8)">
							<conditions>
								<condition number="0" type="jump" coverage="0%"/>
								<condition number="1" type="jump" coverage="0%"/>
								<condition number="2" type="jump" coverage="0%"/>
								<condition number="3" type="jump" coverage="0%"/>
							</conditions>
						</line>
						<line number="58" hits="1" branch="false"/>
						<line number="59" hits="1" branch="false"/>
						<line number="67" hits="1" branch="false"/>
						<line number="75" hits="1" branch="false"/>
					</lines>
				</class>
				<class name="org.takes.tk.TkWithHeaders$1" filename="org/takes/tk/TkWithHeaders.java" line-rate="1.0" branch-rate="1.0" complexity="1.0">
					<methods>
						<method name="&lt;init&gt;" signature="(Lorg/takes/Take;Ljava/util/Collection;)V" line-rate="1.0" branch-rate="1.0" complexity="0">
							<lines>
								<line number="68" hits="1" branch="false"/>
							</lines>
						</method>
						<method name="act" signature="(Lorg/takes/Request;)Lorg/takes/Response;" line-rate="1.0" branch-rate="1.0" complexity="0">
							<lines>
								<line number="71" hits="1" branch="false"/>
							</lines>
						</method>
					</methods>
					<lines>
						<line number="68" hits="1" branch="false"/>
						<line number="71" hits="1" branch="false"/>
					</lines>
				</class>
				<class name="org.takes.tk.TkWithType" filename="org/takes/tk/TkWithType.java" line-rate="0.0" branch-rate="0.0" complexity="1.0">
					<methods>
						<method name="&lt;init&gt;" signature="(Lorg/takes/Take;Ljava/lang/String;)V" line-rate="0.0" branch-rate="1.0" complexity="0">
							<lines>
								<line number="56" hits="0" branch="false"/>
								<line number="64" hits="0" branch="false"/>
							</lines>
						</method>
						<method name="canEqual" signature="(Ljava/lang/Object;)Z" line-rate="1.0" branch-rate="1.0" complexity="0">
							<lines>
							</lines>
						</method>
						<method name="equals" signature="(Ljava/lang/Object;)Z" line-rate="1.0" branch-rate="1.0" complexity="0">
							<lines>
							</lines>
						</method>
						<method name="hashCode" signature="()I" line-rate="0.0" branch-rate="0.0" complexity="0">
							<lines>
								<line number="47" hits="0" branch="true" condition-coverage="0% (0/8)">
									<conditions>
										<condition number="0" type="jump" coverage="0%"/>
										<condition number="1" type="jump" coverage="0%"/>
										<condition number="2" type="jump" coverage="0%"/>
										<condition number="3" type="jump" coverage="0%"/>
									</conditions>
								</line>
							</lines>
						</method>
						<method name="toString" signature="()Ljava/lang/String;" line-rate="0.0" branch-rate="1.0" complexity="0">
							<lines>
								<line number="46" hits="0" branch="false"/>
							</lines>
						</method>
					</methods>
					<lines>
						<line number="46" hits="0" branch="false"/>
						<line number="47" hits="0" branch="true" condition-coverage="0% (0/8)">
							<conditions>
								<condition number="0" type="jump" coverage="0%"/>
								<condition number="1" type="jump" coverage="0%"/>
								<condition number="2" type="jump" coverage="0%"/>
								<condition number="3" type="jump" coverage="0%"/>
							</conditions>
						</line>
						<line number="56" hits="0" branch="false"/>
						<line number="64" hits="0" branch="false"/>
					</lines>
				</class>
				<class name="org.takes.tk.TkWithType$1" filename="org/takes/tk/TkWithType.java" line-rate="0.0" branch-rate="1.0" complexity="1.0">
					<methods>
						<method name="&lt;init&gt;" signature="(Lorg/takes/Take;Ljava/lang/String;)V" line-rate="0.0" branch-rate="1.0" complexity="0">
							<lines>
								<line number="57" hits="0" branch="false"/>
							</lines>
						</method>
						<method name="act" signature="(Lorg/takes/Request;)Lorg/takes/Response;" line-rate="0.0" branch-rate="1.0" complexity="0">
							<lines>
								<line number="60" hits="0" branch="false"/>
							</lines>
						</method>
					</methods>
					<lines>
						<line number="57" hits="0" branch="false"/>
						<line number="60" hits="0" branch="false"/>
					</lines>
				</class>
				<class name="org.takes.tk.TkWrap" filename="org/takes/tk/TkWrap.java" line-rate="0.8333333333333334" branch-rate="0.8571428571428571" complexity="1.0">
					<methods>
						<method name="&lt;init&gt;" signature="(Lorg/takes/Take;)V" line-rate="1.0" branch-rate="1.0" complexity="0">
							<lines>
								<line number="55" hits="56" branch="false"/>
								<line number="56" hits="56" branch="false"/>
								<line number="57" hits="56" branch="false"/>
							</lines>
						</method>
						<method name="act" signature="(Lorg/takes/Request;)Lorg/takes/Response;" line-rate="1.0" branch-rate="1.0" complexity="0">
							<lines>
								<line number="61" hits="52" branch="false"/>
							</lines>
						</method>
						<method name="canEqual" signature="(Ljava/lang/Object;)Z" line-rate="1.0" branch-rate="1.0" complexity="0">
							<lines>
							</lines>
						</method>
						<method name="equals" signature="(Ljava/lang/Object;)Z" line-rate="1.0" branch-rate="1.0" complexity="0">
							<lines>
							</lines>
						</method>
						<method name="hashCode" signature="()I" line-rate="1.0" branch-rate="0.8571428571428571" complexity="0">
							<lines>
								<line number="43" hits="83" branch="true" condition-coverage="85% (12/14)">
									<conditions>
										<condition number="0" type="jump" coverage="50%"/>
										<condition number="1" type="jump" coverage="50%"/>
										<condition number="2" type="jump" coverage="100%"/>
										<condition number="3" type="jump" coverage="100%"/>
										<condition number="4" type="jump" coverage="100%"/>
										<condition number="5" type="jump" coverage="100%"/>
										<condition number="6" type="jump" coverage="100%"/>
									</conditions>
								</line>
							</lines>
						</method>
						<method name="toString" signature="()Ljava/lang/String;" line-rate="0.0" branch-rate="1.0" complexity="0">
							<lines>
								<line number="42" hits="0" branch="false"/>
							</lines>
						</method>
					</methods>
					<lines>
						<line number="42" hits="0" branch="false"/>
						<line number="43" hits="83" branch="true" condition-coverage="85% (12/14)">
							<conditions>
								<condition number="0" type="jump" coverage="50%"/>
								<condition number="1" type="jump" coverage="50%"/>
								<condition number="2" type="jump" coverage="100%"/>
								<condition number="3" type="jump" coverage="100%"/>
								<condition number="4" type="jump" coverage="100%"/>
								<condition number="5" type="jump" coverage="100%"/>
								<condition number="6" type="jump" coverage="100%"/>
							</conditions>
						</line>
						<line number="55" hits="56" branch="false"/>
						<line number="56" hits="56" branch="false"/>
						<line number="57" hits="56" branch="false"/>
						<line number="61" hits="52" branch="false"/>
					</lines>
				</class>
			</classes>
		</package>
	</packages>
</coverage>
